<?xml version="1.0" encoding="UTF-8"?>
<!-- Generated by org.testng.reporters.JUnitReportReporter -->
<testsuite hostname="ICS-LTP-VELSEL" failures="0" tests="1" name="testCases.TC_002_addemployee" time="12.120" errors="0" timestamp="2024-01-07T00:08:24 NZDT" skipped="0">
  <testcase classname="testCases.TC_002_addemployee" name="verify_addemployee" time="12.120"/>
</testsuite> <!-- testCases.TC_002_addemployee -->
