<?xml version="1.0" encoding="UTF-8"?>
<!-- Generated by org.testng.reporters.JUnitReportReporter -->
<testsuite hostname="ICS-LTP-VELSEL" failures="0" tests="1" name="testCases.TC_001_OrangeDemoLoginPageTest" time="4.873" errors="0" timestamp="2024-01-09T10:04:30 NZDT" skipped="0">
  <testcase classname="testCases.TC_001_OrangeDemoLoginPageTest" name="verify_orangehrmaccount_login" time="4.873"/>
</testsuite> <!-- testCases.TC_001_OrangeDemoLoginPageTest -->
