<?xml version="1.0" encoding="UTF-8"?>
<!-- Generated by org.testng.reporters.JUnitReportReporter -->
<testsuite hostname="ICS-LTP-VELSEL" failures="0" tests="1" name="testCases.TC_002_addemployee" time="11.964" errors="0" timestamp="2024-01-09T10:04:30 NZDT" skipped="0">
  <testcase classname="testCases.TC_002_addemployee" name="verify_addemployee" time="11.964"/>
</testsuite> <!-- testCases.TC_002_addemployee -->
